INFO:     172.18.0.1:60374 - "POST /api/v1/admin/test-login/login_nopw HTTP/1.1" 200 OK
INFO:     172.18.0.1:60384 - "POST /api/v1/points/history HTTP/1.1" 422 Unprocessable Entity
INFO:     172.18.0.1:60390 - "POST /api/v1/points/purchase HTTP/1.1" 422 Unprocessable Entity
INFO:     172.18.0.1:60392 - "POST /api/v1/points/apply HTTP/1.1" 422 Unprocessable Entity
INFO:root:ğŸš€ apply_point_rule é–‹å§‹: user_id=406, rule_name='simple_test_rule', variables={}, transaction_type=None
INFO:root:  âœ… ãƒ«ãƒ¼ãƒ«å–å¾—æˆåŠŸ: rule_id=1, point_value=1.0, is_addition=True
INFO:root:  âœ… ãƒ¦ãƒ¼ã‚¶ãƒ¼ 406 ã®ãƒã‚¤ãƒ³ãƒˆæ®‹é«˜å–å¾—: regular=61000, bonus=80000, total=141000
INFO:root:  âš™ï¸ ãƒã‚¤ãƒ³ãƒˆè¨ˆç®—é–‹å§‹: è¨ˆç®—ã«ä½¿ç”¨ã™ã‚‹å€¤ = 1.0
INFO:root:  â• ãƒã‚¤ãƒ³ãƒˆåŠ ç®—å‡¦ç†é–‹å§‹
INFO:root:  ğŸ“ å–å¼•å±¥æ­´ä½œæˆé–‹å§‹
INFO:root:  ğŸ’¾ ãƒ‡ãƒ¼ã‚¿ãƒ™ãƒ¼ã‚¹ã¸ã®ä¿å­˜ (commit) é–‹å§‹
INFO:root:    ğŸ’¾ æ›´æ–°æ®‹é«˜æƒ…å ±: {'_sa_instance_state': <sqlalchemy.orm.state.InstanceState object at 0x2aaaf0408b90>, 'user_id': 406, 'pending_point_balance': 0, 'last_updated': datetime.datetime(2025, 7, 10, 5, 12, 54, 188684, tzinfo=datetime.timezone.utc), 'regular_point_balance': 61000, 'bonus_point_balance': 80001.0, 'total_point_balance': 141001.0}
INFO:root:    ğŸ’¾ æ–°è¦å–å¼•å±¥æ­´æƒ…å ±: {'_sa_instance_state': <sqlalchemy.orm.state.InstanceState object at 0x2aaaf04086b0>, 'user_id': 406, 'rule_id': 1, 'transaction_type': 'event_bonus', 'point_change': 1.0, 'point_source': 'bonus', 'balance_after': 141001.0}
INFO:root:  âœ… ãƒ‡ãƒ¼ã‚¿ãƒ™ãƒ¼ã‚¹ã¸ã®ä¿å­˜æˆåŠŸ (commit å®Œäº†)
INFO:root:ğŸ”š apply_point_rule æ­£å¸¸çµ‚äº†
INFO:     172.18.0.1:60394 - "POST /api/v1/points/apply HTTP/1.1" 200 OK
INFO:     172.18.0.1:58648 - "GET /docs HTTP/1.1" 200 OK
INFO:     172.18.0.1:58648 - "POST /api/v1/admin/test-login/login_nopw HTTP/1.1" 200 OK
INFO:     172.18.0.1:58648 - "POST /api/v1/points/balance HTTP/1.1" 200 OK
INFO:     172.18.0.1:58648 - "POST /api/v1/points/history HTTP/1.1" 200 OK
INFO:     172.18.0.1:58648 - "POST /api/v1/referral/get_code HTTP/1.1" 200 OK
INFO:     172.18.0.1:58648 - "POST /api/v1/points/balance HTTP/1.1" 200 OK
INFO:     172.18.0.1:58648 - "POST /api/v1/points/purchase HTTP/1.1" 200 OK
INFO:     172.18.0.1:58648 - "POST /api/v1/points/balance HTTP/1.1" 200 OK
INFO:app.features.points.endpoints.admin_points:ğŸ” [admin] ãƒã‚¤ãƒ³ãƒˆãƒ«ãƒ¼ãƒ«ä¸€è¦§å–å¾—é–‹å§‹
INFO:app.features.points.endpoints.admin_points:âœ… [admin] ãƒã‚¤ãƒ³ãƒˆãƒ«ãƒ¼ãƒ«ä¸€è¦§å–å¾—æˆåŠŸ: 8ä»¶
INFO:     172.18.0.1:58648 - "GET /api/v1/points/admin/rules HTTP/1.1" 200 OK
INFO:     172.18.0.1:58648 - "POST /api/v1/points/balance HTTP/1.1" 200 OK
INFO:root:ğŸš€ apply_point_rule é–‹å§‹: user_id=406, rule_name='simple_test_rule', variables={}, transaction_type=None
INFO:root:  âœ… ãƒ«ãƒ¼ãƒ«å–å¾—æˆåŠŸ: rule_id=1, point_value=1.0, is_addition=True
INFO:root:  âœ… ãƒ¦ãƒ¼ã‚¶ãƒ¼ 406 ã®ãƒã‚¤ãƒ³ãƒˆæ®‹é«˜å–å¾—: regular=62000, bonus=80001, total=142001
INFO:root:  âš™ï¸ ãƒã‚¤ãƒ³ãƒˆè¨ˆç®—é–‹å§‹: è¨ˆç®—ã«ä½¿ç”¨ã™ã‚‹å€¤ = 1.0
INFO:root:  â• ãƒã‚¤ãƒ³ãƒˆåŠ ç®—å‡¦ç†é–‹å§‹
INFO:root:  ğŸ“ å–å¼•å±¥æ­´ä½œæˆé–‹å§‹
INFO:root:  ğŸ’¾ ãƒ‡ãƒ¼ã‚¿ãƒ™ãƒ¼ã‚¹ã¸ã®ä¿å­˜ (commit) é–‹å§‹
INFO:root:    ğŸ’¾ æ›´æ–°æ®‹é«˜æƒ…å ±: {'_sa_instance_state': <sqlalchemy.orm.state.InstanceState object at 0x2aaaf0409430>, 'user_id': 406, 'pending_point_balance': 0, 'last_updated': datetime.datetime(2025, 7, 10, 5, 15, 27, 486789, tzinfo=datetime.timezone.utc), 'regular_point_balance': 62000, 'bonus_point_balance': 80002.0, 'total_point_balance': 142002.0}
INFO:root:    ğŸ’¾ æ–°è¦å–å¼•å±¥æ­´æƒ…å ±: {'_sa_instance_state': <sqlalchemy.orm.state.InstanceState object at 0x2aaadf376ab0>, 'user_id': 406, 'rule_id': 1, 'transaction_type': 'event_bonus', 'point_change': 1.0, 'point_source': 'bonus', 'balance_after': 142002.0}
INFO:root:  âœ… ãƒ‡ãƒ¼ã‚¿ãƒ™ãƒ¼ã‚¹ã¸ã®ä¿å­˜æˆåŠŸ (commit å®Œäº†)
INFO:root:ğŸ”š apply_point_rule æ­£å¸¸çµ‚äº†
INFO:     172.18.0.1:58648 - "POST /api/v1/points/apply HTTP/1.1" 200 OK
INFO:     172.18.0.1:58648 - "POST /api/v1/points/balance HTTP/1.1" 200 OK
INFO:     172.18.0.1:58648 - "POST /api/v1/points/balance HTTP/1.1" 200 OK
INFO:     172.18.0.1:62728 - "POST /api/v1/admin/test-login/login_nopw HTTP/1.1" 200 OK
INFO:     172.18.0.1:62728 - "POST /api/v1/admin/test-login/login_nopw HTTP/1.1" 404 Not Found
INFO:     172.18.0.1:59774 - "POST /api/v1/admin/test-login/login_nopw HTTP/1.1" 200 OK
INFO:     172.18.0.1:59774 - "POST /api/v1/admin/test-login/login_nopw HTTP/1.1" 200 OK
INFO:     172.18.0.1:59774 - "POST /api/v1/points/balance HTTP/1.1" 200 OK
INFO:     172.18.0.1:59774 - "POST /api/v1/points/balance HTTP/1.1" 500 Internal Server Error
ERROR:    Exception in ASGI application
  + Exception Group Traceback (most recent call last):
  |   File "/usr/local/lib/python3.11/site-packages/starlette/_utils.py", line 87, in collapse_excgroups
  |     yield
  |   File "/usr/local/lib/python3.11/site-packages/starlette/middleware/base.py", line 190, in __call__
  |     async with anyio.create_task_group() as task_group:
  |   File "/usr/local/lib/python3.11/site-packages/anyio/_backends/_asyncio.py", line 772, in __aexit__
  |     raise BaseExceptionGroup(
  | ExceptionGroup: unhandled errors in a TaskGroup (1 sub-exception)
  +-+---------------- 1 ----------------
    | Traceback (most recent call last):
    |   File "/usr/local/lib/python3.11/site-packages/uvicorn/protocols/http/httptools_impl.py", line 401, in run_asgi
    |     result = await app(  # type: ignore[func-returns-value]
    |              ^^^^^^^^^^^^^^^^^^^^^^^^^^^^^^^^^^^^^^^^^^^^^^
    |   File "/usr/local/lib/python3.11/site-packages/uvicorn/middleware/proxy_headers.py", line 70, in __call__
    |     return await self.app(scope, receive, send)
    |            ^^^^^^^^^^^^^^^^^^^^^^^^^^^^^^^^^^^^
    |   File "/usr/local/lib/python3.11/site-packages/fastapi/applications.py", line 1054, in __call__
    |     await super().__call__(scope, receive, send)
    |   File "/usr/local/lib/python3.11/site-packages/starlette/applications.py", line 123, in __call__
    |     await self.middleware_stack(scope, receive, send)
    |   File "/usr/local/lib/python3.11/site-packages/starlette/middleware/errors.py", line 186, in __call__
    |     raise exc
    |   File "/usr/local/lib/python3.11/site-packages/starlette/middleware/errors.py", line 164, in __call__
    |     await self.app(scope, receive, _send)
    |   File "/usr/local/lib/python3.11/site-packages/starlette/middleware/cors.py", line 85, in __call__
    |     await self.app(scope, receive, send)
    |   File "/usr/local/lib/python3.11/site-packages/starlette/middleware/base.py", line 189, in __call__
    |     with collapse_excgroups():
    |   File "/usr/local/lib/python3.11/contextlib.py", line 158, in __exit__
    |     self.gen.throw(typ, value, traceback)
    |   File "/usr/local/lib/python3.11/site-packages/starlette/_utils.py", line 93, in collapse_excgroups
    |     raise exc
    |   File "/usr/local/lib/python3.11/site-packages/starlette/middleware/base.py", line 191, in __call__
    |     response = await self.dispatch_func(request, call_next)
    |                ^^^^^^^^^^^^^^^^^^^^^^^^^^^^^^^^^^^^^^^^^^^^
    |   File "/app/app/main.py", line 100, in __call__
    |     return await call_next(request)
    |            ^^^^^^^^^^^^^^^^^^^^^^^^
    |   File "/usr/local/lib/python3.11/site-packages/starlette/middleware/base.py", line 165, in call_next
    |     raise app_exc
    |   File "/usr/local/lib/python3.11/site-packages/starlette/middleware/base.py", line 151, in coro
    |     await self.app(scope, receive_or_disconnect, send_no_error)
    |   File "/usr/local/lib/python3.11/site-packages/starlette/middleware/exceptions.py", line 65, in __call__
    |     await wrap_app_handling_exceptions(self.app, conn)(scope, receive, send)
    |   File "/usr/local/lib/python3.11/site-packages/starlette/_exception_handler.py", line 64, in wrapped_app
    |     raise exc
    |   File "/usr/local/lib/python3.11/site-packages/starlette/_exception_handler.py", line 53, in wrapped_app
    |     await app(scope, receive, sender)
    |   File "/usr/local/lib/python3.11/site-packages/starlette/routing.py", line 756, in __call__
    |     await self.middleware_stack(scope, receive, send)
    |   File "/usr/local/lib/python3.11/site-packages/starlette/routing.py", line 776, in app
    |     await route.handle(scope, receive, send)
    |   File "/usr/local/lib/python3.11/site-packages/starlette/routing.py", line 297, in handle
    |     await self.app(scope, receive, send)
    |   File "/usr/local/lib/python3.11/site-packages/starlette/routing.py", line 77, in app
    |     await wrap_app_handling_exceptions(app, request)(scope, receive, send)
    |   File "/usr/local/lib/python3.11/site-packages/starlette/_exception_handler.py", line 64, in wrapped_app
    |     raise exc
    |   File "/usr/local/lib/python3.11/site-packages/starlette/_exception_handler.py", line 53, in wrapped_app
    |     await app(scope, receive, sender)
    |   File "/usr/local/lib/python3.11/site-packages/starlette/routing.py", line 72, in app
    |     response = await func(request)
    |                ^^^^^^^^^^^^^^^^^^^
    |   File "/usr/local/lib/python3.11/site-packages/fastapi/routing.py", line 278, in app
    |     raw_response = await run_endpoint_function(
    |                    ^^^^^^^^^^^^^^^^^^^^^^^^^^^^
    |   File "/usr/local/lib/python3.11/site-packages/fastapi/routing.py", line 193, in run_endpoint_function
    |     return await run_in_threadpool(dependant.call, **values)
    |            ^^^^^^^^^^^^^^^^^^^^^^^^^^^^^^^^^^^^^^^^^^^^^^^^^
    |   File "/usr/local/lib/python3.11/site-packages/starlette/concurrency.py", line 42, in run_in_threadpool
    |     return await anyio.to_thread.run_sync(func, *args)
    |            ^^^^^^^^^^^^^^^^^^^^^^^^^^^^^^^^^^^^^^^^^^^
    |   File "/usr/local/lib/python3.11/site-packages/anyio/to_thread.py", line 56, in run_sync
    |     return await get_async_backend().run_sync_in_worker_thread(
    |            ^^^^^^^^^^^^^^^^^^^^^^^^^^^^^^^^^^^^^^^^^^^^^^^^^^^^
    |   File "/usr/local/lib/python3.11/site-packages/anyio/_backends/_asyncio.py", line 2470, in run_sync_in_worker_thread
    |     return await future
    |            ^^^^^^^^^^^^
    |   File "/usr/local/lib/python3.11/site-packages/anyio/_backends/_asyncio.py", line 967, in run
    |     result = context.run(func, *args)
    |              ^^^^^^^^^^^^^^^^^^^^^^^^
    |   File "/app/app/features/points/endpoints/points.py", line 15, in get_point_balance
    |     return fetch_point_balance(db, current_user.id)
    |            ^^^^^^^^^^^^^^^^^^^^^^^^^^^^^^^^^^^^^^^^
    |   File "/app/app/features/points/services/points_service.py", line 24, in fetch_point_balance
    |     return PointBalanceResponse(
    |            ^^^^^^^^^^^^^^^^^^^^^
    |   File "/usr/local/lib/python3.11/site-packages/pydantic/main.py", line 253, in __init__
    |     validated_self = self.__pydantic_validator__.validate_python(data, self_instance=self)
    |                      ^^^^^^^^^^^^^^^^^^^^^^^^^^^^^^^^^^^^^^^^^^^^^^^^^^^^^^^^^^^^^^^^^^^^^
    | pydantic_core._pydantic_core.ValidationError: 1 validation error for PointBalanceResponse
    | pending_points
    |   Field required [type=missing, input_value={'user_id': 407, 'regular...': 0, 'total_points': 0}, input_type=dict]
    |     For further information visit https://errors.pydantic.dev/2.11/v/missing
    +------------------------------------

During handling of the above exception, another exception occurred:

Traceback (most recent call last):
  File "/usr/local/lib/python3.11/site-packages/uvicorn/protocols/http/httptools_impl.py", line 401, in run_asgi
    result = await app(  # type: ignore[func-returns-value]
             ^^^^^^^^^^^^^^^^^^^^^^^^^^^^^^^^^^^^^^^^^^^^^^
  File "/usr/local/lib/python3.11/site-packages/uvicorn/middleware/proxy_headers.py", line 70, in __call__
    return await self.app(scope, receive, send)
           ^^^^^^^^^^^^^^^^^^^^^^^^^^^^^^^^^^^^
  File "/usr/local/lib/python3.11/site-packages/fastapi/applications.py", line 1054, in __call__
    await super().__call__(scope, receive, send)
  File "/usr/local/lib/python3.11/site-packages/starlette/applications.py", line 123, in __call__
    await self.middleware_stack(scope, receive, send)
  File "/usr/local/lib/python3.11/site-packages/starlette/middleware/errors.py", line 186, in __call__
    raise exc
  File "/usr/local/lib/python3.11/site-packages/starlette/middleware/errors.py", line 164, in __call__
    await self.app(scope, receive, _send)
  File "/usr/local/lib/python3.11/site-packages/starlette/middleware/cors.py", line 85, in __call__
    await self.app(scope, receive, send)
  File "/usr/local/lib/python3.11/site-packages/starlette/middleware/base.py", line 189, in __call__
    with collapse_excgroups():
  File "/usr/local/lib/python3.11/contextlib.py", line 158, in __exit__
    self.gen.throw(typ, value, traceback)
  File "/usr/local/lib/python3.11/site-packages/starlette/_utils.py", line 93, in collapse_excgroups
    raise exc
  File "/usr/local/lib/python3.11/site-packages/starlette/middleware/base.py", line 191, in __call__
    response = await self.dispatch_func(request, call_next)
               ^^^^^^^^^^^^^^^^^^^^^^^^^^^^^^^^^^^^^^^^^^^^
  File "/app/app/main.py", line 100, in __call__
    return await call_next(request)
           ^^^^^^^^^^^^^^^^^^^^^^^^
  File "/usr/local/lib/python3.11/site-packages/starlette/middleware/base.py", line 165, in call_next
    raise app_exc
  File "/usr/local/lib/python3.11/site-packages/starlette/middleware/base.py", line 151, in coro
    await self.app(scope, receive_or_disconnect, send_no_error)
  File "/usr/local/lib/python3.11/site-packages/starlette/middleware/exceptions.py", line 65, in __call__
    await wrap_app_handling_exceptions(self.app, conn)(scope, receive, send)
  File "/usr/local/lib/python3.11/site-packages/starlette/_exception_handler.py", line 64, in wrapped_app
    raise exc
  File "/usr/local/lib/python3.11/site-packages/starlette/_exception_handler.py", line 53, in wrapped_app
    await app(scope, receive, sender)
  File "/usr/local/lib/python3.11/site-packages/starlette/routing.py", line 756, in __call__
    await self.middleware_stack(scope, receive, send)
  File "/usr/local/lib/python3.11/site-packages/starlette/routing.py", line 776, in app
    await route.handle(scope, receive, send)
  File "/usr/local/lib/python3.11/site-packages/starlette/routing.py", line 297, in handle
    await self.app(scope, receive, send)
  File "/usr/local/lib/python3.11/site-packages/starlette/routing.py", line 77, in app
    await wrap_app_handling_exceptions(app, request)(scope, receive, send)
  File "/usr/local/lib/python3.11/site-packages/starlette/_exception_handler.py", line 64, in wrapped_app
    raise exc
  File "/usr/local/lib/python3.11/site-packages/starlette/_exception_handler.py", line 53, in wrapped_app
    await app(scope, receive, sender)
  File "/usr/local/lib/python3.11/site-packages/starlette/routing.py", line 72, in app
    response = await func(request)
               ^^^^^^^^^^^^^^^^^^^
  File "/usr/local/lib/python3.11/site-packages/fastapi/routing.py", line 278, in app
    raw_response = await run_endpoint_function(
                   ^^^^^^^^^^^^^^^^^^^^^^^^^^^^
  File "/usr/local/lib/python3.11/site-packages/fastapi/routing.py", line 193, in run_endpoint_function
    return await run_in_threadpool(dependant.call, **values)
           ^^^^^^^^^^^^^^^^^^^^^^^^^^^^^^^^^^^^^^^^^^^^^^^^^
  File "/usr/local/lib/python3.11/site-packages/starlette/concurrency.py", line 42, in run_in_threadpool
    return await anyio.to_thread.run_sync(func, *args)
           ^^^^^^^^^^^^^^^^^^^^^^^^^^^^^^^^^^^^^^^^^^^
  File "/usr/local/lib/python3.11/site-packages/anyio/to_thread.py", line 56, in run_sync
    return await get_async_backend().run_sync_in_worker_thread(
           ^^^^^^^^^^^^^^^^^^^^^^^^^^^^^^^^^^^^^^^^^^^^^^^^^^^^
  File "/usr/local/lib/python3.11/site-packages/anyio/_backends/_asyncio.py", line 2470, in run_sync_in_worker_thread
    return await future
           ^^^^^^^^^^^^
  File "/usr/local/lib/python3.11/site-packages/anyio/_backends/_asyncio.py", line 967, in run
    result = context.run(func, *args)
             ^^^^^^^^^^^^^^^^^^^^^^^^
  File "/app/app/features/points/endpoints/points.py", line 15, in get_point_balance
    return fetch_point_balance(db, current_user.id)
           ^^^^^^^^^^^^^^^^^^^^^^^^^^^^^^^^^^^^^^^^
  File "/app/app/features/points/services/points_service.py", line 24, in fetch_point_balance
    return PointBalanceResponse(
           ^^^^^^^^^^^^^^^^^^^^^
  File "/usr/local/lib/python3.11/site-packages/pydantic/main.py", line 253, in __init__
    validated_self = self.__pydantic_validator__.validate_python(data, self_instance=self)
                     ^^^^^^^^^^^^^^^^^^^^^^^^^^^^^^^^^^^^^^^^^^^^^^^^^^^^^^^^^^^^^^^^^^^^^
pydantic_core._pydantic_core.ValidationError: 1 validation error for PointBalanceResponse
pending_points
  Field required [type=missing, input_value={'user_id': 407, 'regular...': 0, 'total_points': 0}, input_type=dict]
    For further information visit https://errors.pydantic.dev/2.11/v/missing
INFO:root:ğŸš€ apply_point_rule é–‹å§‹: user_id=406, rule_name='referral_bonus_referrer_pending', variables={}, transaction_type=None
INFO:root:  âœ… ãƒ«ãƒ¼ãƒ«å–å¾—æˆåŠŸ: rule_id=5, point_value=5000.0, is_addition=True
INFO:root:  âœ… ãƒ¦ãƒ¼ã‚¶ãƒ¼ 406 ã®ãƒã‚¤ãƒ³ãƒˆæ®‹é«˜å–å¾—: regular=62000, bonus=80002, total=142002
INFO:root:  âš™ï¸ ãƒã‚¤ãƒ³ãƒˆè¨ˆç®—é–‹å§‹: è¨ˆç®—ã«ä½¿ç”¨ã™ã‚‹å€¤ = 5000.0
INFO:root:  â• ãƒã‚¤ãƒ³ãƒˆåŠ ç®—å‡¦ç†é–‹å§‹
INFO:root:  ğŸ“ å–å¼•å±¥æ­´ä½œæˆé–‹å§‹
INFO:root:  ğŸ’¾ ãƒ‡ãƒ¼ã‚¿ãƒ™ãƒ¼ã‚¹ã¸ã®ä¿å­˜ (commit) é–‹å§‹
INFO:root:    ğŸ’¾ æ›´æ–°æ®‹é«˜æƒ…å ±: {'_sa_instance_state': <sqlalchemy.orm.state.InstanceState object at 0x2aaadf376990>, 'user_id': 406, 'pending_point_balance': 0, 'last_updated': datetime.datetime(2025, 7, 10, 5, 15, 53, 746011, tzinfo=datetime.timezone.utc), 'regular_point_balance': 62000, 'bonus_point_balance': 85002.0, 'total_point_balance': 147002.0}
INFO:root:    ğŸ’¾ æ–°è¦å–å¼•å±¥æ­´æƒ…å ±: {'_sa_instance_state': <sqlalchemy.orm.state.InstanceState object at 0x2aaadf1dd8b0>, 'user_id': 406, 'rule_id': 5, 'transaction_type': 'referral_bonus_pending', 'point_change': 5000.0, 'point_source': 'pending', 'balance_after': 147002.0}
INFO:root:  âœ… ãƒ‡ãƒ¼ã‚¿ãƒ™ãƒ¼ã‚¹ã¸ã®ä¿å­˜æˆåŠŸ (commit å®Œäº†)
INFO:root:ğŸ”š apply_point_rule æ­£å¸¸çµ‚äº†
INFO:     172.18.0.1:59790 - "POST /api/v1/points/apply HTTP/1.1" 200 OK
INFO:root:ğŸš€ apply_point_rule é–‹å§‹: user_id=407, rule_name='referral_bonus_referred_pending', variables={}, transaction_type=None
INFO:root:  âœ… ãƒ«ãƒ¼ãƒ«å–å¾—æˆåŠŸ: rule_id=6, point_value=2000.0, is_addition=True
INFO:root:  âš ï¸ ãƒ¦ãƒ¼ã‚¶ãƒ¼ 407 ã®ãƒã‚¤ãƒ³ãƒˆæ®‹é«˜ãƒ¬ã‚³ãƒ¼ãƒ‰ã‚’æ–°è¦ä½œæˆ
INFO:root:  âš™ï¸ ãƒã‚¤ãƒ³ãƒˆè¨ˆç®—é–‹å§‹: è¨ˆç®—ã«ä½¿ç”¨ã™ã‚‹å€¤ = 2000.0
INFO:root:  â• ãƒã‚¤ãƒ³ãƒˆåŠ ç®—å‡¦ç†é–‹å§‹
INFO:root:  ğŸ“ å–å¼•å±¥æ­´ä½œæˆé–‹å§‹
INFO:root:  ğŸ’¾ ãƒ‡ãƒ¼ã‚¿ãƒ™ãƒ¼ã‚¹ã¸ã®ä¿å­˜ (commit) é–‹å§‹
INFO:root:    ğŸ’¾ æ–°è¦æ®‹é«˜æƒ…å ±: {'_sa_instance_state': <sqlalchemy.orm.state.InstanceState object at 0x2aaadf1dde50>, 'user_id': 407, 'regular_point_balance': 0, 'bonus_point_balance': 2000.0, 'total_point_balance': 2000.0, 'last_updated': datetime.datetime(2025, 7, 10, 5, 15, 53, 949589, tzinfo=datetime.timezone.utc)}
INFO:root:    ğŸ’¾ æ–°è¦å–å¼•å±¥æ­´æƒ…å ±: {'_sa_instance_state': <sqlalchemy.orm.state.InstanceState object at 0x2aaadf375d30>, 'user_id': 407, 'rule_id': 6, 'transaction_type': 'referral_bonus_pending', 'point_change': 2000.0, 'point_source': 'pending', 'balance_after': 2000.0}
INFO:root:  âœ… ãƒ‡ãƒ¼ã‚¿ãƒ™ãƒ¼ã‚¹ã¸ã®ä¿å­˜æˆåŠŸ (commit å®Œäº†)
INFO:root:ğŸ”š apply_point_rule æ­£å¸¸çµ‚äº†
INFO:     172.18.0.1:59790 - "POST /api/v1/points/apply HTTP/1.1" 200 OK
INFO:     172.18.0.1:59790 - "POST /api/v1/points/balance HTTP/1.1" 200 OK
INFO:     172.18.0.1:59790 - "POST /api/v1/points/balance HTTP/1.1" 200 OK
INFO:     172.18.0.1:59152 - "POST /api/v1/admin/test-login/login_nopw HTTP/1.1" 200 OK
INFO:     172.18.0.1:59152 - "POST /api/v1/points/balance HTTP/1.1" 200 OK
INFO:     172.18.0.1:59152 - "POST /api/v1/points/apply HTTP/1.1" 422 Unprocessable Entity
INFO:     172.18.0.1:59152 - "POST /api/v1/points/balance HTTP/1.1" 200 OK
INFO:root:ğŸš€ apply_point_rule é–‹å§‹: user_id=406, rule_name='reservation_payment', variables={'reservation_id': 999, 'amount': 5000}, transaction_type=None
INFO:root:  âœ… ãƒ«ãƒ¼ãƒ«å–å¾—æˆåŠŸ: rule_id=3, point_value=0.0, is_addition=True
INFO:root:  âœ… ãƒ¦ãƒ¼ã‚¶ãƒ¼ 406 ã®ãƒã‚¤ãƒ³ãƒˆæ®‹é«˜å–å¾—: regular=62000, bonus=85002, total=147002
INFO:root:  â¡ï¸ å¤‰æ•°ã‹ã‚‰ãƒã‚¤ãƒ³ãƒˆå€¤ã‚’å–å¾—: 5000
INFO:root:  âš™ï¸ ãƒã‚¤ãƒ³ãƒˆè¨ˆç®—é–‹å§‹: è¨ˆç®—ã«ä½¿ç”¨ã™ã‚‹å€¤ = 5000
INFO:root:  â• ãƒã‚¤ãƒ³ãƒˆåŠ ç®—å‡¦ç†é–‹å§‹
INFO:root:  ğŸ“ å–å¼•å±¥æ­´ä½œæˆé–‹å§‹
INFO:root:    âš ï¸ transaction_type ã‚’ 'deposit' ã«è¨­å®š
INFO:root:    ğŸ“ å–å¼•å±¥æ­´ã«äºˆç´„ID 999 ã‚’é–¢é€£ä»˜ã‘
INFO:root:  ğŸ’¾ ãƒ‡ãƒ¼ã‚¿ãƒ™ãƒ¼ã‚¹ã¸ã®ä¿å­˜ (commit) é–‹å§‹
INFO:root:    ğŸ’¾ æ›´æ–°æ®‹é«˜æƒ…å ±: {'_sa_instance_state': <sqlalchemy.orm.state.InstanceState object at 0x2aaaf04087d0>, 'user_id': 406, 'pending_point_balance': 0, 'last_updated': datetime.datetime(2025, 7, 10, 5, 25, 27, 204210, tzinfo=datetime.timezone.utc), 'regular_point_balance': 67000, 'bonus_point_balance': 85002, 'total_point_balance': 152002}
INFO:root:    ğŸ’¾ æ–°è¦å–å¼•å±¥æ­´æƒ…å ±: {'_sa_instance_state': <sqlalchemy.orm.state.InstanceState object at 0x2aaadf1df110>, 'user_id': 406, 'rule_id': 3, 'transaction_type': 'deposit', 'point_change': 5000, 'point_source': 'regular', 'balance_after': 152002, 'related_id': 999, 'related_table': 'reservation'}
INFO:root:  âœ… ãƒ‡ãƒ¼ã‚¿ãƒ™ãƒ¼ã‚¹ã¸ã®ä¿å­˜æˆåŠŸ (commit å®Œäº†)
INFO:root:ğŸ”š apply_point_rule æ­£å¸¸çµ‚äº†
INFO:     172.18.0.1:59152 - "POST /api/v1/points/apply HTTP/1.1" 200 OK
INFO:     172.18.0.1:59152 - "POST /api/v1/points/balance HTTP/1.1" 200 OK
INFO:     172.18.0.1:59152 - "POST /api/v1/points/history HTTP/1.1" 200 OK
INFO:     172.18.0.1:59152 - "POST /api/v1/points/balance HTTP/1.1" 200 OK
INFO:root:ğŸš€ apply_point_rule é–‹å§‹: user_id=406, rule_name='referral_bonus_referrer_confirmed', variables={'reservation_id': 999, 'referred_user_id': 407}, transaction_type=None
INFO:root:  âœ… ãƒ«ãƒ¼ãƒ«å–å¾—æˆåŠŸ: rule_id=7, point_value=5000.0, is_addition=True
INFO:root:  âœ… ãƒ¦ãƒ¼ã‚¶ãƒ¼ 406 ã®ãƒã‚¤ãƒ³ãƒˆæ®‹é«˜å–å¾—: regular=67000, bonus=85002, total=152002
INFO:root:  âš™ï¸ ãƒã‚¤ãƒ³ãƒˆè¨ˆç®—é–‹å§‹: è¨ˆç®—ã«ä½¿ç”¨ã™ã‚‹å€¤ = 5000.0
INFO:root:  â• ãƒã‚¤ãƒ³ãƒˆåŠ ç®—å‡¦ç†é–‹å§‹
INFO:root:  ğŸ“ å–å¼•å±¥æ­´ä½œæˆé–‹å§‹
INFO:root:    ğŸ“ å–å¼•å±¥æ­´ã«äºˆç´„ID 999 ã‚’é–¢é€£ä»˜ã‘
INFO:root:  ğŸ’¾ ãƒ‡ãƒ¼ã‚¿ãƒ™ãƒ¼ã‚¹ã¸ã®ä¿å­˜ (commit) é–‹å§‹
INFO:root:    ğŸ’¾ æ›´æ–°æ®‹é«˜æƒ…å ±: {'_sa_instance_state': <sqlalchemy.orm.state.InstanceState object at 0x2aaadf14da30>, 'user_id': 406, 'pending_point_balance': 0, 'last_updated': datetime.datetime(2025, 7, 10, 5, 25, 29, 731068, tzinfo=datetime.timezone.utc), 'regular_point_balance': 67000, 'bonus_point_balance': 90002.0, 'total_point_balance': 157002.0}
INFO:root:    ğŸ’¾ æ–°è¦å–å¼•å±¥æ­´æƒ…å ±: {'_sa_instance_state': <sqlalchemy.orm.state.InstanceState object at 0x2aaadf2d1010>, 'user_id': 406, 'rule_id': 7, 'transaction_type': 'referral_bonus_completed', 'point_change': 5000.0, 'point_source': 'bonus', 'balance_after': 157002.0, 'related_id': 999, 'related_table': 'reservation'}
INFO:root:  âœ… ãƒ‡ãƒ¼ã‚¿ãƒ™ãƒ¼ã‚¹ã¸ã®ä¿å­˜æˆåŠŸ (commit å®Œäº†)
INFO:root:ğŸ”š apply_point_rule æ­£å¸¸çµ‚äº†
INFO:     172.18.0.1:59152 - "POST /api/v1/points/apply HTTP/1.1" 200 OK
INFO:     172.18.0.1:59152 - "POST /api/v1/points/balance HTTP/1.1" 200 OK
INFO:     172.18.0.1:59152 - "POST /api/v1/points/history HTTP/1.1" 200 OK
INFO:     172.18.0.1:59152 - "POST /api/v1/points/balance HTTP/1.1" 200 OK
INFO:     172.18.0.1:59152 - "POST /api/v1/points/purchase HTTP/1.1" 200 OK
INFO:     172.18.0.1:59152 - "POST /api/v1/points/balance HTTP/1.1" 200 OK
INFO:     172.18.0.1:59152 - "POST /api/v1/points/history HTTP/1.1" 200 OK
INFO:     172.18.0.1:59152 - "POST /api/v1/points/balance HTTP/1.1" 200 OK
